<?xml version="1.0" encoding="UTF-8" standalone="yes"?><!DOCTYPE report PUBLIC "-//JACOCO//DTD Report 1.1//EN" "report.dtd"><report name="10AvaliaMultMatrizes"><sessioninfo id="DESKTOP-L0QPJLA-babad990" start="1733305014936" dump="1733305015724"/><package name="ds"><class name="ds/AvaliaMultMatrizes" sourcefilename="AvaliaMultMatrizes.java"><method name="&lt;init&gt;" desc="()V" line="3"><counter type="INSTRUCTION" missed="3" covered="0"/><counter type="LINE" missed="1" covered="0"/><counter type="COMPLEXITY" missed="1" covered="0"/><counter type="METHOD" missed="1" covered="0"/></method><method name="multmatrize" desc="(I[I)V" line="6"><counter type="INSTRUCTION" missed="101" covered="27"/><counter type="BRANCH" missed="7" covered="3"/><counter type="LINE" missed="8" covered="5"/><counter type="COMPLEXITY" missed="4" covered="2"/><counter type="METHOD" missed="0" covered="1"/></method><counter type="INSTRUCTION" missed="104" covered="27"/><counter type="BRANCH" missed="7" covered="3"/><counter type="LINE" missed="9" covered="5"/><counter type="COMPLEXITY" missed="5" covered="2"/><counter type="METHOD" missed="1" covered="1"/><counter type="CLASS" missed="0" covered="1"/></class><sourcefile name="AvaliaMultMatrizes.java"><line nr="3" mi="3" ci="0" mb="0" cb="0"/><line nr="6" mi="0" ci="4" mb="0" cb="0"/><line nr="8" mi="0" ci="4" mb="0" cb="0"/><line nr="10" mi="0" ci="13" mb="0" cb="2"/><line nr="11" mi="2" ci="5" mb="1" cb="1"/><line nr="12" mi="9" ci="0" mb="2" cb="0"/><line nr="13" mi="4" ci="0" mb="0" cb="0"/><line nr="14" mi="10" ci="0" mb="0" cb="0"/><line nr="15" mi="7" ci="0" mb="2" cb="0"/><line nr="16" mi="32" ci="0" mb="0" cb="0"/><line nr="17" mi="21" ci="0" mb="2" cb="0"/><line nr="19" mi="14" ci="0" mb="0" cb="0"/><line nr="21" mi="2" ci="0" mb="0" cb="0"/><line nr="23" mi="0" ci="1" mb="0" cb="0"/><counter type="INSTRUCTION" missed="104" covered="27"/><counter type="BRANCH" missed="7" covered="3"/><counter type="LINE" missed="9" covered="5"/><counter type="COMPLEXITY" missed="5" covered="2"/><counter type="METHOD" missed="1" covered="1"/><counter type="CLASS" missed="0" covered="1"/></sourcefile><counter type="INSTRUCTION" missed="104" covered="27"/><counter type="BRANCH" missed="7" covered="3"/><counter type="LINE" missed="9" covered="5"/><counter type="COMPLEXITY" missed="5" covered="2"/><counter type="METHOD" missed="1" covered="1"/><counter type="CLASS" missed="0" covered="1"/></package><counter type="INSTRUCTION" missed="104" covered="27"/><counter type="BRANCH" missed="7" covered="3"/><counter type="LINE" missed="9" covered="5"/><counter type="COMPLEXITY" missed="5" covered="2"/><counter type="METHOD" missed="1" covered="1"/><counter type="CLASS" missed="0" covered="1"/></report>