-------------------------------------------------------------------------------
Test set: ds.MaxTest
-------------------------------------------------------------------------------
Tests run: 1, Failures: 0, Errors: 1, Skipped: 0, Time elapsed: 0.055 s <<< FAILURE! -- in ds.MaxTest
ds.MaxTest.testMaxWithEmptyArray -- Time elapsed: 0.025 s <<< ERROR!
java.lang.ArrayIndexOutOfBoundsException: Index 0 out of bounds for length 0
	at ds.Max.max(Max.java:4)
	at ds.MaxTest.testMaxWithEmptyArray(MaxTest.java:13)
	at java.base/java.lang.reflect.Method.invoke(Method.java:578)
	at java.base/java.util.ArrayList.forEach(ArrayList.java:1511)
	at java.base/java.util.ArrayList.forEach(ArrayList.java:1511)

